# JRE version: OpenJDK Runtime Environment (8.0_242-b01) (build 1.8.0_242-release-1644-b01)
# Java VM: OpenJDK 64-Bit Server VM (25.242-b01 mixed mode windows-amd64 compressed oops)
Heap:
 PSYoungGen      total 491008K, used 131500K [0x00000000d5580000, 0x00000000f6d00000, 0x0000000100000000)
  eden space 452096K, 26% used [0x00000000d5580000,0x00000000dcb97e08,0x00000000f0f00000)
  from space 38912K, 27% used [0x00000000f4700000,0x00000000f5153420,0x00000000f6d00000)
  to   space 48128K, 0% used [0x00000000f0f00000,0x00000000f0f00000,0x00000000f3e00000)
 ParOldGen       total 194048K, used 119205K [0x0000000080000000, 0x000000008bd80000, 0x00000000d5580000)
  object space 194048K, 61% used [0x0000000080000000,0x00000000874694d0,0x000000008bd80000)
 Metaspace       used 96528K, capacity 101484K, committed 101784K, reserved 1138688K
  class space    used 12496K, capacity 13410K, committed 13480K, reserved 1048576K
GC Heap History (10 events):
Event: 137.088 GC heap before
{Heap before GC invocations=19 (full 4):
 PSYoungGen      total 348672K, used 328704K [0x00000000d5580000, 0x00000000ecf80000, 0x0000000100000000)
  eden space 328704K, 100% used [0x00000000d5580000,0x00000000e9680000,0x00000000e9680000)
  from space 19968K, 0% used [0x00000000ebc00000,0x00000000ebc00000,0x00000000ecf80000)
  to   space 29184K, 0% used [0x00000000e9680000,0x00000000e9680000,0x00000000eb300000)
 ParOldGen       total 109568K, used 49804K [0x0000000080000000, 0x0000000086b00000, 0x00000000d5580000)
  object space 109568K, 45% used [0x0000000080000000,0x00000000830a30a0,0x0000000086b00000)
 Metaspace       used 80800K, capacity 84450K, committed 84504K, reserved 1122304K
  class space    used 10834K, capacity 11517K, committed 11560K, reserved 1048576K
Event: 137.326 GC heap after
Heap after GC invocations=19 (full 4):
 PSYoungGen      total 357888K, used 17443K [0x00000000d5580000, 0x00000000f2e00000, 0x0000000100000000)
  eden space 328704K, 0% used [0x00000000d5580000,0x00000000d5580000,0x00000000e9680000)
  from space 29184K, 59% used [0x00000000e9680000,0x00000000ea788e38,0x00000000eb300000)
  to   space 29696K, 0% used [0x00000000f1100000,0x00000000f1100000,0x00000000f2e00000)
 ParOldGen       total 109568K, used 49812K [0x0000000080000000, 0x0000000086b00000, 0x00000000d5580000)
  object space 109568K, 45% used [0x0000000080000000,0x00000000830a50a0,0x0000000086b00000)
 Metaspace       used 80800K, capacity 84450K, committed 84504K, reserved 1122304K
  class space    used 10834K, capacity 11517K, committed 11560K, reserved 1048576K
}
Event: 155.665 GC heap before
{Heap before GC invocations=20 (full 4):
 PSYoungGen      total 357888K, used 346147K [0x00000000d5580000, 0x00000000f2e00000, 0x0000000100000000)
  eden space 328704K, 100% used [0x00000000d5580000,0x00000000e9680000,0x00000000e9680000)
  from space 29184K, 59% used [0x00000000e9680000,0x00000000ea788e38,0x00000000eb300000)
  to   space 29696K, 0% used [0x00000000f1100000,0x00000000f1100000,0x00000000f2e00000)
 ParOldGen       total 109568K, used 49812K [0x0000000080000000, 0x0000000086b00000, 0x00000000d5580000)
  object space 109568K, 45% used [0x0000000080000000,0x00000000830a50a0,0x0000000086b00000)
 Metaspace       used 89846K, capacity 94304K, committed 94616K, reserved 1130496K
  class space    used 12014K, capacity 12868K, committed 12968K, reserved 1048576K
Event: 156.148 GC heap after
Heap after GC invocations=20 (full 4):
 PSYoungGen      total 432128K, used 29667K [0x00000000d5580000, 0x00000000f5c80000, 0x0000000100000000)
  eden space 402432K, 0% used [0x00000000d5580000,0x00000000d5580000,0x00000000ede80000)
  from space 29696K, 99% used [0x00000000f1100000,0x00000000f2df8c60,0x00000000f2e00000)
  to   space 51712K, 0% used [0x00000000ede80000,0x00000000ede80000,0x00000000f1100000)
 ParOldGen       total 109568K, used 96118K [0x0000000080000000, 0x0000000086b00000, 0x00000000d5580000)
  object space 109568K, 87% used [0x0000000080000000,0x0000000085ddd908,0x0000000086b00000)
 Metaspace       used 89846K, capacity 94304K, committed 94616K, reserved 1130496K
  class space    used 12014K, capacity 12868K, committed 12968K, reserved 1048576K
}
Event: 156.148 GC heap before
{Heap before GC invocations=21 (full 5):
 PSYoungGen      total 432128K, used 29667K [0x00000000d5580000, 0x00000000f5c80000, 0x0000000100000000)
  eden space 402432K, 0% used [0x00000000d5580000,0x00000000d5580000,0x00000000ede80000)
  from space 29696K, 99% used [0x00000000f1100000,0x00000000f2df8c60,0x00000000f2e00000)
  to   space 51712K, 0% used [0x00000000ede80000,0x00000000ede80000,0x00000000f1100000)
 ParOldGen       total 109568K, used 96118K [0x0000000080000000, 0x0000000086b00000, 0x00000000d5580000)
  object space 109568K, 87% used [0x0000000080000000,0x0000000085ddd908,0x0000000086b00000)
 Metaspace       used 89846K, capacity 94304K, committed 94616K, reserved 1130496K
  class space    used 12014K, capacity 12868K, committed 12968K, reserved 1048576K
Event: 158.860 GC heap after
Heap after GC invocations=21 (full 5):
 PSYoungGen      total 432128K, used 9685K [0x00000000d5580000, 0x00000000f5c80000, 0x0000000100000000)
  eden space 402432K, 0% used [0x00000000d5580000,0x00000000d5580000,0x00000000ede80000)
  from space 29696K, 32% used [0x00000000f1100000,0x00000000f1a75708,0x00000000f2e00000)
  to   space 51712K, 0% used [0x00000000ede80000,0x00000000ede80000,0x00000000f1100000)
 ParOldGen       total 194048K, used 109441K [0x0000000080000000, 0x000000008bd80000, 0x00000000d5580000)
  object space 194048K, 56% used [0x0000000080000000,0x0000000086ae04a8,0x000000008bd80000)
 Metaspace       used 89837K, capacity 94284K, committed 94616K, reserved 1130496K
  class space    used 12012K, capacity 12864K, committed 12968K, reserved 1048576K
}
Event: 336.583 GC heap before
{Heap before GC invocations=22 (full 5):
 PSYoungGen      total 432128K, used 412117K [0x00000000d5580000, 0x00000000f5c80000, 0x0000000100000000)
  eden space 402432K, 100% used [0x00000000d5580000,0x00000000ede80000,0x00000000ede80000)
  from space 29696K, 32% used [0x00000000f1100000,0x00000000f1a75708,0x00000000f2e00000)
  to   space 51712K, 0% used [0x00000000ede80000,0x00000000ede80000,0x00000000f1100000)
 ParOldGen       total 194048K, used 109441K [0x0000000080000000, 0x000000008bd80000, 0x00000000d5580000)
  object space 194048K, 56% used [0x0000000080000000,0x0000000086ae04a8,0x000000008bd80000)
 Metaspace       used 95070K, capacity 99816K, committed 99864K, reserved 1136640K
  class space    used 12417K, capacity 13320K, committed 13352K, reserved 1048576K
Event: 338.311 GC heap after
Heap after GC invocations=22 (full 5):
 PSYoungGen      total 454144K, used 22370K [0x00000000d5580000, 0x00000000f7780000, 0x0000000100000000)
  eden space 402432K, 0% used [0x00000000d5580000,0x00000000d5580000,0x00000000ede80000)
  from space 51712K, 43% used [0x00000000ede80000,0x00000000ef458800,0x00000000f1100000)
  to   space 49664K, 0% used [0x00000000f4700000,0x00000000f4700000,0x00000000f7780000)
 ParOldGen       total 194048K, used 119197K [0x0000000080000000, 0x000000008bd80000, 0x00000000d5580000)
  object space 194048K, 61% used [0x0000000080000000,0x00000000874674d0,0x000000008bd80000)
 Metaspace       used 95070K, capacity 99816K, committed 99864K, reserved 1136640K
  class space    used 12417K, capacity 13320K, committed 13352K, reserved 1048576K
}
Event: 1412.627 GC heap before
{Heap before GC invocations=23 (full 5):
 PSYoungGen      total 454144K, used 424802K [0x00000000d5580000, 0x00000000f7780000, 0x0000000100000000)
  eden space 402432K, 100% used [0x00000000d5580000,0x00000000ede80000,0x00000000ede80000)
  from space 51712K, 43% used [0x00000000ede80000,0x00000000ef458800,0x00000000f1100000)
  to   space 49664K, 0% used [0x00000000f4700000,0x00000000f4700000,0x00000000f7780000)
 ParOldGen       total 194048K, used 119197K [0x0000000080000000, 0x000000008bd80000, 0x00000000d5580000)
  object space 194048K, 61% used [0x0000000080000000,0x00000000874674d0,0x000000008bd80000)
 Metaspace       used 96440K, capacity 101424K, committed 101528K, reserved 1136640K
  class space    used 12491K, capacity 13400K, committed 13480K, reserved 1048576K
Event: 1417.303 GC heap after
Heap after GC invocations=23 (full 5):
 PSYoungGen      total 491008K, used 10573K [0x00000000d5580000, 0x00000000f6d00000, 0x0000000100000000)
  eden space 452096K, 0% used [0x00000000d5580000,0x00000000d5580000,0x00000000f0f00000)
  from space 38912K, 27% used [0x00000000f4700000,0x00000000f5153420,0x00000000f6d00000)
  to   space 48128K, 0% used [0x00000000f0f00000,0x00000000f0f00000,0x00000000f3e00000)
 ParOldGen       total 194048K, used 119205K [0x0000000080000000, 0x000000008bd80000, 0x00000000d5580000)
  object space 194048K, 61% used [0x0000000080000000,0x00000000874694d0,0x000000008bd80000)
 Metaspace       used 96440K, capacity 101424K, committed 101528K, reserved 1136640K
  class space    used 12491K, capacity 13400K, committed 13480K, reserved 1048576K
}

